2013/06/22 10:15:39 resized: 600x400
2013/06/22 10:15:39 mouse pos pos: 483, 641
2013/06/22 10:15:39 mouse wheel delta: 0
2013/06/22 10:15:40 mouse pos pos: 480, 624
2013/06/22 10:15:40 mouse pos pos: 478, 613
2013/06/22 10:15:40 mouse pos pos: 473, 582
2013/06/22 10:15:40 mouse pos pos: 470, 550
2013/06/22 10:15:40 mouse pos pos: 466, 512
2013/06/22 10:15:40 mouse pos pos: 462, 473
2013/06/22 10:15:40 mouse pos pos: 455, 416
2013/06/22 10:15:40 mouse pos pos: 449, 384
2013/06/22 10:15:40 mouse pos pos: 441, 350
2013/06/22 10:15:40 mouse pos pos: 436, 336
2013/06/22 10:15:40 mouse pos pos: 431, 325
2013/06/22 10:15:40 mouse pos pos: 427, 319
2013/06/22 10:15:40 mouse pos pos: 425, 314
2013/06/22 10:15:40 mouse pos pos: 420, 307
2013/06/22 10:15:40 mouse pos pos: 418, 302
2013/06/22 10:15:40 mouse pos pos: 418, 296
2013/06/22 10:15:40 mouse pos pos: 416, 291
2013/06/22 10:15:40 mouse pos pos: 388, 262
2013/06/22 10:15:41 mouse pos pos: 318, 194
2013/06/22 10:15:41 mouse pos pos: 242, 132
2013/06/22 10:15:41 mouse pos pos: 184, 90
2013/06/22 10:15:41 mouse pos pos: 156, 72
2013/06/22 10:15:41 mouse pos pos: 135, 59
2013/06/22 10:15:41 mouse pos pos: 131, 55
2013/06/22 10:15:41 mouse pos pos: 124, 55
2013/06/22 10:15:41 mouse pos pos: 114, 55
2013/06/22 10:15:41 mouse pos pos: 92, 53
2013/06/22 10:15:41 mouse pos pos: 69, 46
2013/06/22 10:15:41 mouse pos pos: 65, 44
2013/06/22 10:15:41 mouse pos pos: 54, 37
2013/06/22 10:15:41 mouse pos pos: 49, 33
2013/06/22 10:15:41 mouse pos pos: 43, 28
2013/06/22 10:15:41 mouse pos pos: 40, 25
2013/06/22 10:15:41 mouse pos pos: 38, 22
2013/06/22 10:15:41 mouse pos pos: 34, 18
2013/06/22 10:15:41 mouse pos pos: 33, 14
2013/06/22 10:15:41 mouse pos pos: 31, 10
2013/06/22 10:15:41 mouse pos pos: 30, 7
2013/06/22 10:15:41 mouse pos pos: 29, 5
2013/06/22 10:15:41 mouse pos pos: 29, 3
2013/06/22 10:15:41 mouse pos pos: 28, 2
2013/06/22 10:15:41 mouse pos pos: 27, 1
2013/06/22 10:15:41 mouse pos pos: 26, 0
2013/06/22 10:15:41 mouse pos pos: 24, 0
2013/06/22 10:15:41 mouse pos pos: 22, 0
2013/06/22 10:15:41 mouse pos pos: 21, 0
2013/06/22 10:15:41 mouse pos pos: 19, -1
2013/06/22 10:15:41 mouse pos pos: 18, -2
2013/06/22 10:15:41 mouse pos pos: 17, -5
2013/06/22 10:15:41 mouse pos pos: 17, -5
2013/06/22 10:15:41 mouse pos pos: 17, -6
2013/06/22 10:15:41 mouse pos pos: 17, -7
2013/06/22 10:15:41 mouse pos pos: 16, -8
2013/06/22 10:15:41 mouse pos pos: 15, -9
2013/06/22 10:15:41 mouse pos pos: 15, -10
2013/06/22 10:15:41 mouse pos pos: 14, -12
2013/06/22 10:15:41 mouse pos pos: 14, -13
2013/06/22 10:15:42 mouse pos pos: 19, -13
2013/06/22 10:15:42 mouse pos pos: 19, -12
2013/06/22 10:15:42 mouse pos pos: 19, -10
2013/06/22 10:15:42 mouse pos pos: 19, -9
2013/06/22 10:15:42 mouse pos pos: 19, -8
2013/06/22 10:15:43 window closed

n: 0, 0
2013/06/22 08:42:01 mouse button: 0, 1
2013/06/22 08:42:01 mouse button: 0, 0
2013/06/22 08:42:01 mouse button: 0, 1
2013/06/22 08:42:01 mouse button: 0, 0
2013/06/22 08:42:01 mouse button: 0, 1
2013/06/22 08:42:01 mouse button: 0, 0
2013/06/22 08:42:02 mouse button: 0, 1
2013/06/22 08:42:02 mouse button: 0, 0
2013/06/22 08:42:02 mouse button: 0, 1
2013/06/22 08:42:02 mouse button: 0, 0
2013/06/22 08:42:02 mouse button: 0, 1
2013/06/22 08:42:02 mouse button: 0, 0
2013/06/22 08:42:03 mouse button: 0, 1
2013/06/22 08:42:03 mouse button: 0, 0
2013/06/22 08:42:03 keyboard button: 65, 1
2013/06/22 08:42:03 char button: 97, 1
2013/06/22 08:42:03 keyboard button: 83, 1
2013/06/22 08:42:03 char button: 115, 1
2013/06/22 08:42:03 keyboard button: 70, 1
2013/06/22 08:42:03 char button: 102, 1
2013/06/22 08:42:03 keyboard button: 83, 0
2013/06/22 08:42:03 keyboard button: 65, 0
2013/06/22 08:42:03 keyboard button: 75, 1
2013/06/22 08:42:03 char button: 107, 1
2013/06/22 08:42:03 keyboard button: 74, 1
2013/06/22 08:42:03 char button: 106, 1
2013/06/22 08:42:03 keyboard button: 70, 0
2013/06/22 08:42:03 keyboard button: 75, 0
2013/06/22 08:42:03 keyboard button: 74, 0
2013/06/22 08:42:03 keyboard button: 75, 1
2013/06/22 08:42:03 char button: 107, 1
2013/06/22 08:42:03 keyboard button: 65, 1
2013/06/22 08:42:03 char button: 97, 1
2013/06/22 08:42:03 keyboard button: 74, 1
2013/06/22 08:42:03 char button: 106, 1
2013/06/22 08:42:03 keyboard button: 75, 0
2013/06/22 08:42:03 keyboard button: 68, 1
2013/06/22 08:42:03 char button: 100, 1
2013/06/22 08:42:03 keyboard button: 83, 1
2013/06/22 08:42:03 char button: 115, 1
2013/06/22 08:42:03 keyboard button: 70, 1
2013/06/22 08:42:03 char button: 102, 1
2013/06/22 08:42:03 keyboard button: 74, 0
2013/06/22 08:42:03 keyboard button: 65, 0
2013/06/22 08:42:03 keyboard button: 83, 0
2013/06/22 08:42:03 keyboard button: 68, 0
2013/06/22 08:42:03 keyboard button: 70, 0
2013/06/22 08:42:06 window closed

